<?xml version="1.0" encoding="UTF-8"?>
<testng-results skipped="0" failed="0" total="1" passed="1">
  <reporter-output>
  </reporter-output>
  <suite name="Default suite" duration-ms="27991" started-at="2015-11-06T16:26:07Z" finished-at="2015-11-06T16:26:35Z">
    <groups>
    </groups>
    <test name="Default test" duration-ms="27991" started-at="2015-11-06T16:26:07Z" finished-at="2015-11-06T16:26:35Z">
      <class name="com.uptake.tests.UptakeLogbackInNavigator">
        <test-method status="PASS" signature="setbaseURL()[pri:0, instance:com.uptake.tests.UptakeLogbackInNavigator@129a8472]" name="setbaseURL" is-config="true" duration-ms="17910" started-at="2015-11-06T10:26:07Z" finished-at="2015-11-06T10:26:25Z">
          <reporter-output>
          </reporter-output>
        </test-method> <!-- setbaseURL -->
        <test-method status="PASS" signature="verifyHomePage()[pri:0, instance:com.uptake.tests.UptakeLogbackInNavigator@129a8472]" name="verifyHomePage" is-config="true" duration-ms="350" started-at="2015-11-06T10:26:25Z" finished-at="2015-11-06T10:26:26Z">
          <reporter-output>
          </reporter-output>
        </test-method> <!-- verifyHomePage -->
        <test-method status="PASS" signature="login()[pri:0, instance:com.uptake.tests.UptakeLogbackInNavigator@129a8472]" name="login" duration-ms="9704" started-at="2015-11-06T10:26:26Z" finished-at="2015-11-06T10:26:35Z">
          <reporter-output>
          </reporter-output>
        </test-method> <!-- login -->
      </class> <!-- com.uptake.tests.UptakeLogbackInNavigator -->
    </test> <!-- Default test -->
  </suite> <!-- Default suite -->
</testng-results>
